This is pdfTeX, Version 3.14159265-2.6-1.40.20 (TeX Live 2019/Debian) (preloaded format=pdflatex 2020.3.4)  4 MAY 2020 19:58
entering extended mode
 restricted \write18 enabled.
 %&-line parsing enabled.
**bnstruct.tex
(./bnstruct.tex
LaTeX2e <2018-12-01>
(/usr/share/texlive/texmf-dist/tex/latex/base/article.cls
Document Class: article 2018/09/03 v1.4i Standard LaTeX document class
(/usr/share/texlive/texmf-dist/tex/latex/base/size10.clo
File: size10.clo 2018/09/03 v1.4i Standard LaTeX file (size option)
)
\c@part=\count80
\c@section=\count81
\c@subsection=\count82
\c@subsubsection=\count83
\c@paragraph=\count84
\c@subparagraph=\count85
\c@figure=\count86
\c@table=\count87
\abovecaptionskip=\skip41
\belowcaptionskip=\skip42
\bibindent=\dimen102
)
(/usr/share/texlive/texmf-dist/tex/latex/graphics/graphicx.sty
Package: graphicx 2017/06/01 v1.1a Enhanced LaTeX Graphics (DPC,SPQR)

(/usr/share/texlive/texmf-dist/tex/latex/graphics/keyval.sty
Package: keyval 2014/10/28 v1.15 key=value parser (DPC)
\KV@toks@=\toks14
)
(/usr/share/texlive/texmf-dist/tex/latex/graphics/graphics.sty
Package: graphics 2017/06/25 v1.2c Standard LaTeX Graphics (DPC,SPQR)

(/usr/share/texlive/texmf-dist/tex/latex/graphics/trig.sty
Package: trig 2016/01/03 v1.10 sin cos tan (DPC)
)
(/usr/share/texlive/texmf-dist/tex/latex/graphics-cfg/graphics.cfg
File: graphics.cfg 2016/06/04 v1.11 sample graphics configuration
)
Package graphics Info: Driver file: pdftex.def on input line 99.

(/usr/share/texlive/texmf-dist/tex/latex/graphics-def/pdftex.def
File: pdftex.def 2018/01/08 v1.0l Graphics/color driver for pdftex
))
\Gin@req@height=\dimen103
\Gin@req@width=\dimen104
)
(/usr/share/texlive/texmf-dist/tex/latex/graphics/color.sty
Package: color 2016/07/10 v1.1e Standard LaTeX Color (DPC)

(/usr/share/texlive/texmf-dist/tex/latex/graphics-cfg/color.cfg
File: color.cfg 2016/01/02 v1.6 sample color configuration
)
Package color Info: Driver file: pdftex.def on input line 147.
)
(/usr/share/texlive/texmf-dist/tex/latex/framed/framed.sty
Package: framed 2011/10/22 v 0.96: framed or shaded text with page breaks
\OuterFrameSep=\skip43
\fb@frw=\dimen105
\fb@frh=\dimen106
\FrameRule=\dimen107
\FrameSep=\dimen108
)
(/usr/share/texlive/texmf-dist/tex/latex/base/alltt.sty
Package: alltt 1997/06/16 v2.0g defines alltt environment
)
(/usr/share/texlive/texmf-dist/tex/latex/url/url.sty
\Urlmuskip=\muskip10
Package: url 2013/09/16  ver 3.4  Verb mode for urls, etc.
)
(/usr/share/texlive/texmf-dist/tex/latex/natbib/natbib.sty
Package: natbib 2010/09/13 8.31b (PWD, AO)
\bibhang=\skip44
\bibsep=\skip45
LaTeX Info: Redefining \cite on input line 694.
\c@NAT@ctr=\count88
)
(/usr/share/texlive/texmf-dist/tex/latex/upquote/upquote.sty
Package: upquote 2012/04/19 v1.3 upright-quote and grave-accent glyphs in verba
tim
) (./bnstruct.aux)
\openout1 = `bnstruct.aux'.

LaTeX Font Info:    Checking defaults for OML/cmm/m/it on input line 66.
LaTeX Font Info:    ... okay on input line 66.
LaTeX Font Info:    Checking defaults for T1/cmr/m/n on input line 66.
LaTeX Font Info:    ... okay on input line 66.
LaTeX Font Info:    Checking defaults for OT1/cmr/m/n on input line 66.
LaTeX Font Info:    ... okay on input line 66.
LaTeX Font Info:    Checking defaults for OMS/cmsy/m/n on input line 66.
LaTeX Font Info:    ... okay on input line 66.
LaTeX Font Info:    Checking defaults for OMX/cmex/m/n on input line 66.
LaTeX Font Info:    ... okay on input line 66.
LaTeX Font Info:    Checking defaults for U/cmr/m/n on input line 66.
LaTeX Font Info:    ... okay on input line 66.

(/usr/share/texlive/texmf-dist/tex/context/base/mkii/supp-pdf.mkii
[Loading MPS to PDF converter (version 2006.09.02).]
\scratchcounter=\count89
\scratchdimen=\dimen109
\scratchbox=\box27
\nofMPsegments=\count90
\nofMParguments=\count91
\everyMPshowfont=\toks15
\MPscratchCnt=\count92
\MPscratchDim=\dimen110
\MPnumerator=\count93
\makeMPintoPDFobject=\count94
\everyMPtoPDFconversion=\toks16
) (/usr/share/texlive/texmf-dist/tex/latex/oberdiek/epstopdf-base.sty
Package: epstopdf-base 2016/05/15 v2.6 Base part for package epstopdf

(/usr/share/texlive/texmf-dist/tex/generic/oberdiek/infwarerr.sty
Package: infwarerr 2016/05/16 v1.4 Providing info/warning/error messages (HO)
)
(/usr/share/texlive/texmf-dist/tex/latex/oberdiek/grfext.sty
Package: grfext 2016/05/16 v1.2 Manage graphics extensions (HO)

(/usr/share/texlive/texmf-dist/tex/generic/oberdiek/kvdefinekeys.sty
Package: kvdefinekeys 2016/05/16 v1.4 Define keys (HO)

(/usr/share/texlive/texmf-dist/tex/generic/oberdiek/ltxcmds.sty
Package: ltxcmds 2016/05/16 v1.23 LaTeX kernel commands for general use (HO)
)))
(/usr/share/texlive/texmf-dist/tex/latex/oberdiek/kvoptions.sty
Package: kvoptions 2016/05/16 v3.12 Key value format for package options (HO)

(/usr/share/texlive/texmf-dist/tex/generic/oberdiek/kvsetkeys.sty
Package: kvsetkeys 2016/05/16 v1.17 Key value parser (HO)

(/usr/share/texlive/texmf-dist/tex/generic/oberdiek/etexcmds.sty
Package: etexcmds 2016/05/16 v1.6 Avoid name clashes with e-TeX commands (HO)

(/usr/share/texlive/texmf-dist/tex/generic/oberdiek/ifluatex.sty
Package: ifluatex 2016/05/16 v1.4 Provides the ifluatex switch (HO)
Package ifluatex Info: LuaTeX not detected.
))))
(/usr/share/texlive/texmf-dist/tex/generic/oberdiek/pdftexcmds.sty
Package: pdftexcmds 2018/09/10 v0.29 Utility functions of pdfTeX for LuaTeX (HO
)

(/usr/share/texlive/texmf-dist/tex/generic/oberdiek/ifpdf.sty
Package: ifpdf 2018/09/07 v3.3 Provides the ifpdf switch
)
Package pdftexcmds Info: LuaTeX not detected.
Package pdftexcmds Info: \pdf@primitive is available.
Package pdftexcmds Info: \pdf@ifprimitive is available.
Package pdftexcmds Info: \pdfdraftmode found.
)
Package epstopdf-base Info: Redefining graphics rule for `.eps' on input line 4
38.
Package grfext Info: Graphics extension search list:
(grfext)             [.pdf,.png,.jpg,.mps,.jpeg,.jbig2,.jb2,.PDF,.PNG,.JPG,.JPE
G,.JBIG2,.JB2,.eps]
(grfext)             \AppendGraphicsExtensions on input line 456.

(/usr/share/texlive/texmf-dist/tex/latex/latexconfig/epstopdf-sys.cfg
File: epstopdf-sys.cfg 2010/07/13 v1.3 Configuration of (r)epstopdf for TeX Liv
e
))
LaTeX Font Info:    External font `cmex10' loaded for size
(Font)              <12> on input line 73.
LaTeX Font Info:    External font `cmex10' loaded for size
(Font)              <8> on input line 73.
LaTeX Font Info:    External font `cmex10' loaded for size
(Font)              <6> on input line 73.

(./bnstruct.toc
LaTeX Font Info:    External font `cmex10' loaded for size
(Font)              <7> on input line 2.
LaTeX Font Info:    External font `cmex10' loaded for size
(Font)              <5> on input line 2.
)
\tf@toc=\write3
\openout3 = `bnstruct.toc'.

 [1

{/var/lib/texmf/fonts/map/pdftex/updmap/pdftex.map}]
Package color Info: Redefining color shadecolor on input line 107.
LaTeX Font Info:    Font shape `OT1/cmtt/bx/n' in size <10> not available
(Font)              Font shape `OT1/cmtt/m/n' tried instead on input line 109.

[2] [3]
Package color Info: Redefining color shadecolor on input line 196.

Overfull \hbox (1.97157pt too wide) in paragraph at lines 203--204
[]\OT1/cmr/m/n/10 The lat-est de-vel-op-ment ver-sion of \OT1/cmtt/m/n/10 bnstr
uct \OT1/cmr/m/n/10 can be found at $\OT1/cmtt/m/n/10 http : / / github .
 []

Package color Info: Redefining color shadecolor on input line 207.
[4]
Package color Info: Redefining color shadecolor on input line 233.

Overfull \hbox (6.74693pt too wide) in paragraph at lines 237--237
[][]\OT1/cmtt/m/n/10 + []                               []variables[] []=[] []c
[][]([][]"a"[][],[] []"b"[][],[] []"c"[][],[] []"d"[][]),[][] 
 []

[5]
Package color Info: Redefining color shadecolor on input line 295.
Package color Info: Redefining color shadecolor on input line 310.
Package color Info: Redefining color shadecolor on input line 331.
 [6]
Package color Info: Redefining color shadecolor on input line 387.
Package color Info: Redefining color shadecolor on input line 409.
 [7]
Package color Info: Redefining color shadecolor on input line 430.
Package color Info: Redefining color shadecolor on input line 451.

Overfull \hbox (22.4968pt too wide) in paragraph at lines 490--490
[]\OT1/cmtt/m/n/10 Error in imputed.data(dataset): The dataset contains no impu
ted data.
 []

LaTeX Font Info:    Try loading font information for OMS+cmtt on input line 494
.
(/usr/share/texmf/tex/latex/R/tex/latex/omscmtt.fd
File: omscmtt.fd 
)
LaTeX Font Info:    Font shape `OMS/cmtt/m/n' in size <10> not available
(Font)              Font shape `OMS/cmsy/m/n' tried instead on input line 494.

Overfull \hbox (22.4968pt too wide) in paragraph at lines 495--495
[][]\OT1/cmtt/m/n/10 + []    []cat[][]([][]"Hey! Something went wrong. No imput
ed data present maybe?"[][])[][] 
 []

[8] [9]
Package color Info: Redefining color shadecolor on input line 568.
Package color Info: Redefining color shadecolor on input line 587.
 [10]
Package color Info: Redefining color shadecolor on input line 597.
Package color Info: Redefining color shadecolor on input line 620.
Package color Info: Redefining color shadecolor on input line 637.
 [11]
Overfull \hbox (14.75034pt too wide) in paragraph at lines 659--662
[]\OT1/cmr/m/n/10 The sec-ond al-go-rithm is the Max-Min Parent-and-Children (\
OT1/cmtt/m/n/10 mmpc\OT1/cmr/m/n/10 , see Tsamardi-
 []

[12]
Package color Info: Redefining color shadecolor on input line 686.
LaTeX Font Info:    Try loading font information for OMS+cmr on input line 704.

 (/usr/share/texlive/texmf-dist/tex/latex/base/omscmr.fd
File: omscmr.fd 2014/09/29 v2.5h Standard LaTeX font definitions
)
LaTeX Font Info:    Font shape `OMS/cmr/m/n' in size <10> not available
(Font)              Font shape `OMS/cmsy/m/n' tried instead on input line 704.
Package color Info: Redefining color shadecolor on input line 713.
Package color Info: Redefining color shadecolor on input line 732.
 [13]
Overfull \hbox (26.13855pt too wide) in paragraph at lines 751--754
[]\OT1/cmr/m/n/10 It is also pos-si-ble to en-force the pres-ence of some edges
, us-ing the \OT1/cmtt/m/n/10 mandatory.edges
 []

Package color Info: Redefining color shadecolor on input line 761.

Overfull \hbox (3.99979pt too wide) in paragraph at lines 779--781
[]\OT1/cmr/m/n/10 Structure learn-ing can be per-formed also us-ing the \OT1/cm
tt/m/n/10 learn.structure \OT1/cmr/m/n/10 method,
 []

[14]
Package color Info: Redefining color shadecolor on input line 805.

Overfull \hbox (3.2331pt too wide) in paragraph at lines 810--810
[][]\OT1/cmtt/m/n/10 > [][]\OT1/cmtt/m/it/10 # It simulates a system with 8 nod
es observed over 2 consecutive[][] 
 []

Package color Info: Redefining color shadecolor on input line 827.

Overfull \hbox (3.2331pt too wide) in paragraph at lines 832--832
[][]\OT1/cmtt/m/n/10 > [][]\OT1/cmtt/m/it/10 # It simulates a system with 8 nod
es observed over 2 consecutive[][] 
 []

[15]
Package color Info: Redefining color shadecolor on input line 851.

Overfull \hbox (3.2331pt too wide) in paragraph at lines 856--856
[][]\OT1/cmtt/m/n/10 > [][]\OT1/cmtt/m/it/10 # It simulates a system with 8 nod
es observed over 2 consecutive[][] 
 []

<child_crosses_1000.pdf, id=63, 397.485pt x 325.215pt>
File: child_crosses_1000.pdf Graphic file (type pdf)
<use child_crosses_1000.pdf>
Package pdftex.def Info: child_crosses_1000.pdf  used on input line 876.
(pdftex.def)             Requested size: 258.75pt x 211.7098pt.
<alarm_crosses_1000.pdf, id=64, 397.485pt x 325.215pt>
File: alarm_crosses_1000.pdf Graphic file (type pdf)
<use alarm_crosses_1000.pdf>
Package pdftex.def Info: alarm_crosses_1000.pdf  used on input line 881.
(pdftex.def)             Requested size: 258.75pt x 211.7098pt.

LaTeX Warning: Float too large for page by 19.41959pt on input line 883.

<hepar2_crosses_1000.pdf, id=65, 397.485pt x 325.215pt>
File: hepar2_crosses_1000.pdf Graphic file (type pdf)
<use hepar2_crosses_1000.pdf>
Package pdftex.def Info: hepar2_crosses_1000.pdf  used on input line 886.
(pdftex.def)             Requested size: 258.75pt x 211.7098pt.
<andes_crosses.pdf, id=66, 397.485pt x 325.215pt>
File: andes_crosses.pdf Graphic file (type pdf)
<use andes_crosses.pdf>
Package pdftex.def Info: andes_crosses.pdf  used on input line 891.
(pdftex.def)             Requested size: 258.75pt x 211.7098pt.
[16] [17 <./child_crosses_1000.pdf> <./alarm_crosses_1000.pdf>] [18 <./hepar2_c
rosses_1000.pdf> <./andes_crosses.pdf>]
Package color Info: Redefining color shadecolor on input line 940.
 [19]
Package color Info: Redefining color shadecolor on input line 950.
Package color Info: Redefining color shadecolor on input line 965.
Package color Info: Redefining color shadecolor on input line 980.

Overfull \hbox (3.61035pt too wide) in paragraph at lines 973--980
\OT1/cmr/m/n/10 avail-able us-ing the Rpack-age-q-graph pack-age, via \OT1/cmtt
/m/n/10 plot(net, method="qgraph")\OT1/cmr/m/n/10 .
 []

Package color Info: Redefining color shadecolor on input line 993.
Package color Info: Redefining color shadecolor on input line 1007.
[20]
Package color Info: Redefining color shadecolor on input line 1019.
Package color Info: Redefining color shadecolor on input line 1034.
Package color Info: Redefining color shadecolor on input line 1064.

Overfull \hbox (1.13712pt too wide) in paragraph at lines 1059--1064
\OT1/cmtt/m/n/10 belief.propagation \OT1/cmr/m/n/10 method re-turns an \OT1/cmt
t/m/n/10 InferenceEngine \OT1/cmr/m/n/10 with an \OT1/cmtt/m/n/10 updated.bn
 []

[21]
Overfull \hbox (56.083pt too wide) in paragraph at lines 1075--1078
\OT1/cmr/m/n/10 the Equiv-a-lent Sam-ple Size \OT1/cmtt/m/n/10 ess \OT1/cmr/m/n
/10 and the max-i-mum num-ber of it-er-a-tions \OT1/cmtt/m/n/10 max.em.iteratio
ns\OT1/cmr/m/n/10 ),
 []

Package color Info: Redefining color shadecolor on input line 1080.
Package color Info: Redefining color shadecolor on input line 1109.

Overfull \hbox (22.4968pt too wide) in paragraph at lines 1115--1115
[][]\OT1/cmtt/m/n/10 > [][]engine[]        []<-[] []InferenceEngine[][](net,[] 
[]interventions[] []= interventions)[][] 
 []

[22]
Package color Info: Redefining color shadecolor on input line 1134.
<childtest-1.pdf, id=118, 505.89pt x 505.89pt>
File: childtest-1.pdf Graphic file (type pdf)
<use childtest-1.pdf>
Package pdftex.def Info: childtest-1.pdf  used on input line 1150.
(pdftex.def)             Requested size: 310.4979pt x 310.4991pt.


LaTeX Warning: `!h' float specifier changed to `!ht'.

Package color Info: Redefining color shadecolor on input line 1154.
<childtest-2.pdf, id=119, 505.89pt x 505.89pt>
File: childtest-2.pdf Graphic file (type pdf)
<use childtest-2.pdf>
Package pdftex.def Info: childtest-2.pdf  used on input line 1167.
(pdftex.def)             Requested size: 310.4979pt x 310.4991pt.

LaTeX Warning: `!h' float specifier changed to `!ht'.

Package color Info: Redefining color shadecolor on input line 1172.
Package color Info: Redefining color shadecolor on input line 1189.
[23]
<asiatest-1.pdf, id=123, 505.89pt x 505.89pt>
File: asiatest-1.pdf Graphic file (type pdf)
<use asiatest-1.pdf>
Package pdftex.def Info: asiatest-1.pdf  used on input line 1200.
(pdftex.def)             Requested size: 310.4979pt x 310.4991pt.


LaTeX Warning: `!h' float specifier changed to `!ht'.

[24 <./childtest-1.pdf>]
Package color Info: Redefining color shadecolor on input line 1218.

Overfull \hbox (32.9967pt too wide) in paragraph at lines 1224--1224
[][]\OT1/cmtt/m/n/10 + []                            []sample[][]([][]c[][]([][
]0[][],[][]1[][]),[][]1[][],[][]prob[][]=[][]c[][]([][]0.8[][],[][]0.2[][]),[][
]replace[][]=T)[][] 
 []


Overfull \hbox (43.49661pt too wide) in paragraph at lines 1230--1230
[][]\OT1/cmtt/m/n/10 + []                            []sample[][]([][]c[][]([][
]0[][],[][]1[][]),[][]1[][],[][]prob[][]=[][]c[][]([][]0.95[][],[][]0.05[][]),[
][]replace[][]=T)[][] 
 []


Overfull \hbox (43.49661pt too wide) in paragraph at lines 1236--1236
[][]\OT1/cmtt/m/n/10 + []                            []sample[][]([][]c[][]([][
]0[][],[][]1[][]),[][]1[][],[][]prob[][]=[][]c[][]([][]0.01[][],[][]0.99[][]),[
][]replace[][]=T)[][] 
 []


Overfull \hbox (43.49661pt too wide) in paragraph at lines 1242--1242
[][]\OT1/cmtt/m/n/10 + []                            []sample[][]([][]c[][]([][
]0[][],[][]1[][]),[][]1[][],[][]prob[][]=[][]c[][]([][]0.05[][],[][]0.95[][]),[
][]replace[][]=T)[][] 
 []


Overfull \hbox (11.99689pt too wide) in paragraph at lines 1250--1250
[][]\OT1/cmtt/m/n/10 + []                         []c[][]([][]"spam"[][],[][]"b
uy"[][],[][]"med"[][],[][]"bnstruct"[][],[][]"learn"[][]),[][] 
 []

[25 <./childtest-2.pdf>]
Underfull \vbox (badness 10000) detected at line 1259
 []


Underfull \vbox (badness 10000) detected at line 1259
 []

[26 <./asiatest-1.pdf>]
<nb.pdf, id=149, 505.89pt x 505.89pt>
File: nb.pdf Graphic file (type pdf)
<use nb.pdf>
Package pdftex.def Info: nb.pdf  used on input line 1264.
(pdftex.def)             Requested size: 207.0021pt x 207.00711pt.
 (./bnstruct.bbl [27 <./nb.pdf>]) [28] (./bnstruct.aux) ) 
Here is how much of TeX's memory you used:
 2126 strings out of 492609
 30472 string characters out of 6131463
 117508 words of memory out of 5000000
 6008 multiletter control sequences out of 15000+600000
 8746 words of font info for 32 fonts, out of 8000000 for 9000
 1141 hyphenation exceptions out of 8191
 41i,6n,28p,727b,284s stack positions out of 5000i,500n,10000p,200000b,80000s
</usr/share/texlive/te
xmf-dist/fonts/type1/public/amsfonts/cm/cmbx10.pfb></usr/share/texlive/texmf-di
st/fonts/type1/public/amsfonts/cm/cmbx12.pfb></usr/share/texlive/texmf-dist/fon
ts/type1/public/amsfonts/cm/cmitt10.pfb></usr/share/texlive/texmf-dist/fonts/ty
pe1/public/amsfonts/cm/cmmi10.pfb></usr/share/texlive/texmf-dist/fonts/type1/pu
blic/amsfonts/cm/cmmi7.pfb></usr/share/texlive/texmf-dist/fonts/type1/public/am
sfonts/cm/cmr10.pfb></usr/share/texlive/texmf-dist/fonts/type1/public/amsfonts/
cm/cmr12.pfb></usr/share/texlive/texmf-dist/fonts/type1/public/amsfonts/cm/cmr1
7.pfb></usr/share/texlive/texmf-dist/fonts/type1/public/amsfonts/cm/cmr7.pfb></
usr/share/texlive/texmf-dist/fonts/type1/public/amsfonts/cm/cmsy10.pfb></usr/sh
are/texlive/texmf-dist/fonts/type1/public/amsfonts/cm/cmti10.pfb></usr/share/te
xlive/texmf-dist/fonts/type1/public/amsfonts/cm/cmtt10.pfb></usr/share/texlive/
texmf-dist/fonts/type1/public/amsfonts/cm/cmtt12.pfb>
Output written on bnstruct.pdf (28 pages, 283895 bytes).
PDF statistics:
 204 PDF objects out of 1000 (max. 8388607)
 139 compressed objects within 2 object streams
 0 named destinations out of 1000 (max. 500000)
 41 words of extra memory for PDF output out of 10000 (max. 10000000)

